<?xml version="1.0" encoding="UTF-8"?>
<!-- Generated by org.testng.reporters.JUnitReportReporter -->
<testsuite hostname="LAPTOP-NLQBM8PO" failures="0" tests="1" name="TestRunner.TestRunner" time="12.221" errors="0" timestamp="2022-04-16T06:20:10 EDT" skipped="0">
  <testcase classname="TestRunner.TestRunner" name="runScenario" time="12.221"/>
  <system-out/>
</testsuite> <!-- TestRunner.TestRunner -->
