<?xml version="1.0" encoding="UTF-8"?>
<!-- Generated by org.testng.reporters.JUnitReportReporter -->
<testsuite hostname="LAPTOP-NLQBM8PO" failures="0" tests="1" name="TestRunner.TestRunner" time="11.703" errors="0" timestamp="2022-04-11T02:17:21 EDT" skipped="0">
  <testcase classname="TestRunner.TestRunner" name="runScenario" time="11.703"/>
  <system-out/>
</testsuite> <!-- TestRunner.TestRunner -->
